e:\hym\navtf2000\comassist\release\comassist.pch
e:\hym\navtf2000\comassist\release\vc140.pdb
e:\hym\navtf2000\comassist\release\stdafx.obj
e:\hym\navtf2000\comassist\release\qrc_comassist.obj
e:\hym\navtf2000\comassist\release\moc_updatetab.obj
e:\hym\navtf2000\comassist\release\moc_statustab.obj
e:\hym\navtf2000\comassist\release\moc_mylabel.obj
e:\hym\navtf2000\comassist\release\moc_mainwidget.obj
e:\hym\navtf2000\comassist\release\moc_imagetab.obj
e:\hym\navtf2000\comassist\release\moc_gnsstab.obj
e:\hym\navtf2000\comassist\release\moc_adjusttab.obj
e:\hym\navtf2000\comassist\release\simplecrypt.obj
e:\hym\navtf2000\comassist\release\function.obj
e:\hym\navtf2000\comassist\release\updatetab.obj
e:\hym\navtf2000\comassist\release\statustab.obj
e:\hym\navtf2000\comassist\release\mylabel.obj
e:\hym\navtf2000\comassist\release\mainwidget.obj
e:\hym\navtf2000\comassist\release\imagetab.obj
e:\hym\navtf2000\comassist\release\gnsstab.obj
e:\hym\navtf2000\comassist\release\adjusttab.obj
e:\hym\navtf2000\comassist\release\comassistmain.obj
e:\hym\navtf2000\release\comassist.exe
e:\hym\navtf2000\release\comassist.ipdb
e:\hym\navtf2000\release\comassist.iobj
e:\hym\navtf2000\release\comassist.pdb
e:\hym\navtf2000\comassist\release\comassist.res
e:\hym\navtf2000\comassist\release\comassist.tlog\cl.command.1.tlog
e:\hym\navtf2000\comassist\release\comassist.tlog\cl.read.1.tlog
e:\hym\navtf2000\comassist\release\comassist.tlog\cl.write.1.tlog
e:\hym\navtf2000\comassist\release\comassist.tlog\link.command.1.tlog
e:\hym\navtf2000\comassist\release\comassist.tlog\link.read.1.tlog
e:\hym\navtf2000\comassist\release\comassist.tlog\link.write.1.tlog
e:\hym\navtf2000\comassist\release\comassist.tlog\rc.command.1.tlog
e:\hym\navtf2000\comassist\release\comassist.tlog\rc.read.1.tlog
e:\hym\navtf2000\comassist\release\comassist.tlog\rc.write.1.tlog
